This is pdfTeX, Version 3.141592653-2.6-1.40.25 (MiKTeX 24.1) (preloaded format=pdflatex 2025.1.7)  15 JAN 2025 13:25
entering extended mode
 restricted \write18 enabled.
 %&-line parsing enabled.
**./main.tex
(main.tex
LaTeX2e <2023-11-01> patch level 1
L3 programming layer <2024-01-04>
(C:\Users\marti\AppData\Local\Programs\MiKTeX\tex/latex/base\article.cls
Document Class: article 2023/05/17 v1.4n Standard LaTeX document class
(C:\Users\marti\AppData\Local\Programs\MiKTeX\tex/latex/base\size12.clo
File: size12.clo 2023/05/17 v1.4n Standard LaTeX file (size option)
)
\c@part=\count187
\c@section=\count188
\c@subsection=\count189
\c@subsubsection=\count190
\c@paragraph=\count191
\c@subparagraph=\count192
\c@figure=\count193
\c@table=\count194
\abovecaptionskip=\skip48
\belowcaptionskip=\skip49
\bibindent=\dimen140
)
(C:\Users\marti\AppData\Local\Programs\MiKTeX\tex/latex/base\inputenc.sty
Package: inputenc 2021/02/14 v1.3d Input encoding file
\inpenc@prehook=\toks17
\inpenc@posthook=\toks18
)
(C:\Users\marti\AppData\Local\Programs\MiKTeX\tex/generic/babel\babel.sty
Package: babel 2024/01/07 v24.1 The Babel package
\babel@savecnt=\count195
\U@D=\dimen141
\l@unhyphenated=\language79

(C:\Users\marti\AppData\Local\Programs\MiKTeX\tex/generic/babel\txtbabel.def)
\bbl@readstream=\read2
\bbl@dirlevel=\count196

*************************************
* Local config file bblopts.cfg used
*
(C:\Users\marti\AppData\Local\Programs\MiKTeX\tex/latex/arabi\bblopts.cfg
File: bblopts.cfg 2005/09/08 v0.1 add Arabic and Farsi to "declared" options of
 babel
)
(C:\Users\marti\AppData\Local\Programs\MiKTeX\tex/latex/babel-german\ngerman.ld
f
Language: ngerman 2024/12/10 v2.15 German support for babel (post-1996 orthogra
phy)

(C:\Users\marti\AppData\Local\Programs\MiKTeX\tex/latex/babel-german\ngermanb.l
df
Language: ngermanb 2024/12/10 v2.15 German support for babel (post-1996 orthogr
aphy)
Package babel Info: Making " an active character on input line 122.
)))
(C:\Users\marti\AppData\Local\Programs\MiKTeX\tex/generic/babel/locale/de\babel
-ngerman.tex
Package babel Info: Importing font and identification data for ngerman
(babel)             from babel-de.ini. Reported on input line 11.
)
(C:\Users\marti\AppData\Local\Programs\MiKTeX\tex/latex/graphics\graphicx.sty
Package: graphicx 2021/09/16 v1.2d Enhanced LaTeX Graphics (DPC,SPQR)

(C:\Users\marti\AppData\Local\Programs\MiKTeX\tex/latex/graphics\keyval.sty
Package: keyval 2022/05/29 v1.15 key=value parser (DPC)
\KV@toks@=\toks19
)
(C:\Users\marti\AppData\Local\Programs\MiKTeX\tex/latex/graphics\graphics.sty
Package: graphics 2022/03/10 v1.4e Standard LaTeX Graphics (DPC,SPQR)

(C:\Users\marti\AppData\Local\Programs\MiKTeX\tex/latex/graphics\trig.sty
Package: trig 2021/08/11 v1.11 sin cos tan (DPC)
)
(C:\Users\marti\AppData\Local\Programs\MiKTeX\tex/latex/graphics-cfg\graphics.c
fg
File: graphics.cfg 2016/06/04 v1.11 sample graphics configuration
)
Package graphics Info: Driver file: pdftex.def on input line 107.

(C:\Users\marti\AppData\Local\Programs\MiKTeX\tex/latex/graphics-def\pdftex.def
File: pdftex.def 2022/09/22 v1.2b Graphics/color driver for pdftex
))
\Gin@req@height=\dimen142
\Gin@req@width=\dimen143
)
(C:\Users\marti\AppData\Local\Programs\MiKTeX\tex/latex/hyperref\hyperref.sty
Package: hyperref 2023-11-26 v7.01g Hypertext links for LaTeX

(C:\Users\marti\AppData\Local\Programs\MiKTeX\tex/generic/iftex\iftex.sty
Package: iftex 2022/02/03 v1.0f TeX engine tests
)
(C:\Users\marti\AppData\Local\Programs\MiKTeX\tex/generic/infwarerr\infwarerr.s
ty
Package: infwarerr 2019/12/03 v1.5 Providing info/warning/error messages (HO)
)
(C:\Users\marti\AppData\Local\Programs\MiKTeX\tex/latex/kvsetkeys\kvsetkeys.sty
Package: kvsetkeys 2022-10-05 v1.19 Key value parser (HO)
)
(C:\Users\marti\AppData\Local\Programs\MiKTeX\tex/generic/kvdefinekeys\kvdefine
keys.sty
Package: kvdefinekeys 2019-12-19 v1.6 Define keys (HO)
)
(C:\Users\marti\AppData\Local\Programs\MiKTeX\tex/generic/pdfescape\pdfescape.s
ty
Package: pdfescape 2019/12/09 v1.15 Implements pdfTeX's escape features (HO)

(C:\Users\marti\AppData\Local\Programs\MiKTeX\tex/generic/ltxcmds\ltxcmds.sty
Package: ltxcmds 2023-12-04 v1.26 LaTeX kernel commands for general use (HO)
)
(C:\Users\marti\AppData\Local\Programs\MiKTeX\tex/generic/pdftexcmds\pdftexcmds
.sty
Package: pdftexcmds 2020-06-27 v0.33 Utility functions of pdfTeX for LuaTeX (HO
)
Package pdftexcmds Info: \pdf@primitive is available.
Package pdftexcmds Info: \pdf@ifprimitive is available.
Package pdftexcmds Info: \pdfdraftmode found.
))
(C:\Users\marti\AppData\Local\Programs\MiKTeX\tex/latex/hycolor\hycolor.sty
Package: hycolor 2020-01-27 v1.10 Color options for hyperref/bookmark (HO)
)
(C:\Users\marti\AppData\Local\Programs\MiKTeX\tex/latex/letltxmacro\letltxmacro
.sty
Package: letltxmacro 2019/12/03 v1.6 Let assignment for LaTeX macros (HO)
)
(C:\Users\marti\AppData\Local\Programs\MiKTeX\tex/latex/auxhook\auxhook.sty
Package: auxhook 2019-12-17 v1.6 Hooks for auxiliary files (HO)
)
(C:\Users\marti\AppData\Local\Programs\MiKTeX\tex/latex/hyperref\nameref.sty
Package: nameref 2023-11-26 v2.56 Cross-referencing by name of section

(C:\Users\marti\AppData\Local\Programs\MiKTeX\tex/latex/refcount\refcount.sty
Package: refcount 2019/12/15 v3.6 Data extraction from label references (HO)
)
(C:\Users\marti\AppData\Local\Programs\MiKTeX\tex/generic/gettitlestring\gettit
lestring.sty
Package: gettitlestring 2019/12/15 v1.6 Cleanup title references (HO)

(C:\Users\marti\AppData\Local\Programs\MiKTeX\tex/latex/kvoptions\kvoptions.sty
Package: kvoptions 2022-06-15 v3.15 Key value format for package options (HO)
))
\c@section@level=\count197
)
(C:\Users\marti\AppData\Local\Programs\MiKTeX\tex/latex/etoolbox\etoolbox.sty
Package: etoolbox 2020/10/05 v2.5k e-TeX tools for LaTeX (JAW)
\etb@tempcnta=\count198
)
\@linkdim=\dimen144
\Hy@linkcounter=\count199
\Hy@pagecounter=\count266

(C:\Users\marti\AppData\Local\Programs\MiKTeX\tex/latex/hyperref\pd1enc.def
File: pd1enc.def 2023-11-26 v7.01g Hyperref: PDFDocEncoding definition (HO)
Now handling font encoding PD1 ...
... no UTF-8 mapping file for font encoding PD1
)
(C:\Users\marti\AppData\Local\Programs\MiKTeX\tex/generic/intcalc\intcalc.sty
Package: intcalc 2019/12/15 v1.3 Expandable calculations with integers (HO)
)
\Hy@SavedSpaceFactor=\count267

(C:\Users\marti\AppData\Local\Programs\MiKTeX\tex/latex/hyperref\puenc.def
File: puenc.def 2023-11-26 v7.01g Hyperref: PDF Unicode definition (HO)
Now handling font encoding PU ...
... no UTF-8 mapping file for font encoding PU
)
Package hyperref Info: Hyper figures OFF on input line 4181.
Package hyperref Info: Link nesting OFF on input line 4186.
Package hyperref Info: Hyper index ON on input line 4189.
Package hyperref Info: Plain pages OFF on input line 4196.
Package hyperref Info: Backreferencing OFF on input line 4201.
Package hyperref Info: Implicit mode ON; LaTeX internals redefined.
Package hyperref Info: Bookmarks ON on input line 4448.
\c@Hy@tempcnt=\count268

(C:\Users\marti\AppData\Local\Programs\MiKTeX\tex/latex/url\url.sty
\Urlmuskip=\muskip16
Package: url 2013/09/16  ver 3.4  Verb mode for urls, etc.
)
LaTeX Info: Redefining \url on input line 4786.
\XeTeXLinkMargin=\dimen145

(C:\Users\marti\AppData\Local\Programs\MiKTeX\tex/generic/bitset\bitset.sty
Package: bitset 2019/12/09 v1.3 Handle bit-vector datatype (HO)

(C:\Users\marti\AppData\Local\Programs\MiKTeX\tex/generic/bigintcalc\bigintcalc
.sty
Package: bigintcalc 2019/12/15 v1.5 Expandable calculations on big integers (HO
)
))
\Fld@menulength=\count269
\Field@Width=\dimen146
\Fld@charsize=\dimen147
Package hyperref Info: Hyper figures OFF on input line 6065.
Package hyperref Info: Link nesting OFF on input line 6070.
Package hyperref Info: Hyper index ON on input line 6073.
Package hyperref Info: backreferencing OFF on input line 6080.
Package hyperref Info: Link coloring OFF on input line 6085.
Package hyperref Info: Link coloring with OCG OFF on input line 6090.
Package hyperref Info: PDF/A mode OFF on input line 6095.

(C:\Users\marti\AppData\Local\Programs\MiKTeX\tex/latex/base\atbegshi-ltx.sty
Package: atbegshi-ltx 2021/01/10 v1.0c Emulation of the original atbegshi
package with kernel methods
)
\Hy@abspage=\count270
\c@Item=\count271
\c@Hfootnote=\count272
)
Package hyperref Info: Driver (autodetected): hpdftex.
(C:\Users\marti\AppData\Local\Programs\MiKTeX\tex/latex/hyperref\hpdftex.def
File: hpdftex.def 2023-11-26 v7.01g Hyperref driver for pdfTeX

(C:\Users\marti\AppData\Local\Programs\MiKTeX\tex/latex/base\atveryend-ltx.sty
Package: atveryend-ltx 2020/08/19 v1.0a Emulation of the original atveryend pac
kage
with kernel methods
)
\Fld@listcount=\count273
\c@bookmark@seq@number=\count274

(C:\Users\marti\AppData\Local\Programs\MiKTeX\tex/latex/rerunfilecheck\rerunfil
echeck.sty
Package: rerunfilecheck 2022-07-10 v1.10 Rerun checks for auxiliary files (HO)

(C:\Users\marti\AppData\Local\Programs\MiKTeX\tex/generic/uniquecounter\uniquec
ounter.sty
Package: uniquecounter 2019/12/15 v1.4 Provide unlimited unique counter (HO)
)
Package uniquecounter Info: New unique counter `rerunfilecheck' on input line 2
85.
)
\Hy@SectionHShift=\skip50
)
(C:\Users\marti\AppData\Local\Programs\MiKTeX\tex/latex/amsmath\amsmath.sty
Package: amsmath 2023/05/13 v2.17o AMS math features
\@mathmargin=\skip51

For additional information on amsmath, use the `?' option.
(C:\Users\marti\AppData\Local\Programs\MiKTeX\tex/latex/amsmath\amstext.sty
Package: amstext 2021/08/26 v2.01 AMS text

(C:\Users\marti\AppData\Local\Programs\MiKTeX\tex/latex/amsmath\amsgen.sty
File: amsgen.sty 1999/11/30 v2.0 generic functions
\@emptytoks=\toks20
\ex@=\dimen148
))
(C:\Users\marti\AppData\Local\Programs\MiKTeX\tex/latex/amsmath\amsbsy.sty
Package: amsbsy 1999/11/29 v1.2d Bold Symbols
\pmbraise@=\dimen149
)
(C:\Users\marti\AppData\Local\Programs\MiKTeX\tex/latex/amsmath\amsopn.sty
Package: amsopn 2022/04/08 v2.04 operator names
)
\inf@bad=\count275
LaTeX Info: Redefining \frac on input line 234.
\uproot@=\count276
\leftroot@=\count277
LaTeX Info: Redefining \overline on input line 399.
LaTeX Info: Redefining \colon on input line 410.
\classnum@=\count278
\DOTSCASE@=\count279
LaTeX Info: Redefining \ldots on input line 496.
LaTeX Info: Redefining \dots on input line 499.
LaTeX Info: Redefining \cdots on input line 620.
\Mathstrutbox@=\box51
\strutbox@=\box52
LaTeX Info: Redefining \big on input line 722.
LaTeX Info: Redefining \Big on input line 723.
LaTeX Info: Redefining \bigg on input line 724.
LaTeX Info: Redefining \Bigg on input line 725.
\big@size=\dimen150
LaTeX Font Info:    Redeclaring font encoding OML on input line 743.
LaTeX Font Info:    Redeclaring font encoding OMS on input line 744.
\macc@depth=\count280
LaTeX Info: Redefining \bmod on input line 905.
LaTeX Info: Redefining \pmod on input line 910.
LaTeX Info: Redefining \smash on input line 940.
LaTeX Info: Redefining \relbar on input line 970.
LaTeX Info: Redefining \Relbar on input line 971.
\c@MaxMatrixCols=\count281
\dotsspace@=\muskip17
\c@parentequation=\count282
\dspbrk@lvl=\count283
\tag@help=\toks21
\row@=\count284
\column@=\count285
\maxfields@=\count286
\andhelp@=\toks22
\eqnshift@=\dimen151
\alignsep@=\dimen152
\tagshift@=\dimen153
\tagwidth@=\dimen154
\totwidth@=\dimen155
\lineht@=\dimen156
\@envbody=\toks23
\multlinegap=\skip52
\multlinetaggap=\skip53
\mathdisplay@stack=\toks24
LaTeX Info: Redefining \[ on input line 2953.
LaTeX Info: Redefining \] on input line 2954.
)
(C:\Users\marti\AppData\Local\Programs\MiKTeX\tex/latex/amsfonts\amssymb.sty
Package: amssymb 2013/01/14 v3.01 AMS font symbols

(C:\Users\marti\AppData\Local\Programs\MiKTeX\tex/latex/amsfonts\amsfonts.sty
Package: amsfonts 2013/01/14 v3.01 Basic AMSFonts support
\symAMSa=\mathgroup4
\symAMSb=\mathgroup5
LaTeX Font Info:    Redeclaring math symbol \hbar on input line 98.
LaTeX Font Info:    Overwriting math alphabet `\mathfrak' in version `bold'
(Font)                  U/euf/m/n --> U/euf/b/n on input line 106.
)) (C:\Users\marti\AppData\Local\Programs\MiKTeX\tex/latex/geometry\geometry.st
y
Package: geometry 2020/01/02 v5.9 Page Geometry

(C:\Users\marti\AppData\Local\Programs\MiKTeX\tex/generic/iftex\ifvtex.sty
Package: ifvtex 2019/10/25 v1.7 ifvtex legacy package. Use iftex instead.
)
\Gm@cnth=\count287
\Gm@cntv=\count288
\c@Gm@tempcnt=\count289
\Gm@bindingoffset=\dimen157
\Gm@wd@mp=\dimen158
\Gm@odd@mp=\dimen159
\Gm@even@mp=\dimen160
\Gm@layoutwidth=\dimen161
\Gm@layoutheight=\dimen162
\Gm@layouthoffset=\dimen163
\Gm@layoutvoffset=\dimen164
\Gm@dimlist=\toks25

(C:\Users\marti\AppData\Local\Programs\MiKTeX\tex/latex/geometry\geometry.cfg))
(C:\Users\marti\AppData\Local\Programs\MiKTeX\tex/latex/float\float.sty
Package: float 2001/11/08 v1.3d Float enhancements (AL)
\c@float@type=\count290
\float@exts=\toks26
\float@box=\box53
\@float@everytoks=\toks27
\@floatcapt=\box54
)
(C:\Users\marti\AppData\Local\Programs\MiKTeX\tex/latex/microtype\microtype.sty
Package: microtype 2024/12/12 v3.2 Micro-typographical refinements (RS)
\MT@toks=\toks28
\MT@tempbox=\box55
\MT@count=\count291
LaTeX Info: Redefining \noprotrusionifhmode on input line 1075.
LaTeX Info: Redefining \leftprotrusion on input line 1076.
\MT@prot@toks=\toks29
LaTeX Info: Redefining \rightprotrusion on input line 1095.
LaTeX Info: Redefining \textls on input line 1437.
\MT@outer@kern=\dimen165
LaTeX Info: Redefining \microtypecontext on input line 2041.
LaTeX Info: Redefining \textmicrotypecontext on input line 2058.
\MT@listname@count=\count292

(C:\Users\marti\AppData\Local\Programs\MiKTeX\tex/latex/microtype\microtype-pdf
tex.def
File: microtype-pdftex.def 2024/12/12 v3.2 Definitions specific to pdftex (RS)
LaTeX Info: Redefining \lsstyle on input line 944.
LaTeX Info: Redefining \lslig on input line 944.
\MT@outer@space=\skip54
)
Package microtype Info: Loading configuration file microtype.cfg.

(C:\Users\marti\AppData\Local\Programs\MiKTeX\tex/latex/microtype\microtype.cfg
File: microtype.cfg 2024/12/12 v3.2 microtype main configuration file (RS)
)
LaTeX Info: Redefining \microtypesetup on input line 3053.
)
(C:\Users\marti\AppData\Local\Programs\MiKTeX\tex/latex/l3backend\l3backend-pdf
tex.def
File: l3backend-pdftex.def 2024-01-04 L3 backend support: PDF output (pdfTeX)
\l__color_backend_stack_int=\count293
\l__pdf_internal_box=\box56
) (main.aux (Deckblatt.aux))
\openout1 = `main.aux'.

LaTeX Font Info:    Checking defaults for OML/cmm/m/it on input line 20.
LaTeX Font Info:    ... okay on input line 20.
LaTeX Font Info:    Checking defaults for OMS/cmsy/m/n on input line 20.
LaTeX Font Info:    ... okay on input line 20.
LaTeX Font Info:    Checking defaults for OT1/cmr/m/n on input line 20.
LaTeX Font Info:    ... okay on input line 20.
LaTeX Font Info:    Checking defaults for T1/cmr/m/n on input line 20.
LaTeX Font Info:    ... okay on input line 20.
LaTeX Font Info:    Checking defaults for TS1/cmr/m/n on input line 20.
LaTeX Font Info:    ... okay on input line 20.
LaTeX Font Info:    Checking defaults for OMX/cmex/m/n on input line 20.
LaTeX Font Info:    ... okay on input line 20.
LaTeX Font Info:    Checking defaults for U/cmr/m/n on input line 20.
LaTeX Font Info:    ... okay on input line 20.
LaTeX Font Info:    Checking defaults for PD1/pdf/m/n on input line 20.
LaTeX Font Info:    ... okay on input line 20.
LaTeX Font Info:    Checking defaults for PU/pdf/m/n on input line 20.
LaTeX Font Info:    ... okay on input line 20.

(C:\Users\marti\AppData\Local\Programs\MiKTeX\tex/context/base/mkii\supp-pdf.mk
ii
[Loading MPS to PDF converter (version 2006.09.02).]
\scratchcounter=\count294
\scratchdimen=\dimen166
\scratchbox=\box57
\nofMPsegments=\count295
\nofMParguments=\count296
\everyMPshowfont=\toks30
\MPscratchCnt=\count297
\MPscratchDim=\dimen167
\MPnumerator=\count298
\makeMPintoPDFobject=\count299
\everyMPtoPDFconversion=\toks31
)
(C:\Users\marti\AppData\Local\Programs\MiKTeX\tex/latex/epstopdf-pkg\epstopdf-b
ase.sty
Package: epstopdf-base 2020-01-24 v2.11 Base part for package epstopdf
Package epstopdf-base Info: Redefining graphics rule for `.eps' on input line 4
85.

(C:\Users\marti\AppData\Local\Programs\MiKTeX\tex/latex/00miktex\epstopdf-sys.c
fg
File: epstopdf-sys.cfg 2021/03/18 v2.0 Configuration of epstopdf for MiKTeX
))
Package hyperref Info: Link coloring OFF on input line 20.
 (main.out) (main.out)
\@outlinefile=\write3
\openout3 = `main.out'.


*geometry* driver: auto-detecting
*geometry* detected driver: pdftex
*geometry* verbose mode - [ preamble ] result:
* driver: pdftex
* paper: a4paper
* layout: <same size as paper>
* layoutoffset:(h,v)=(0.0pt,0.0pt)
* modes: 
* h-part:(L,W,R)=(71.13188pt, 455.24411pt, 71.13188pt)
* v-part:(T,H,B)=(71.13188pt, 702.78308pt, 71.13188pt)
* \paperwidth=597.50787pt
* \paperheight=845.04684pt
* \textwidth=455.24411pt
* \textheight=702.78308pt
* \oddsidemargin=-1.1381pt
* \evensidemargin=-1.1381pt
* \topmargin=-38.1381pt
* \headheight=12.0pt
* \headsep=25.0pt
* \topskip=12.0pt
* \footskip=30.0pt
* \marginparwidth=35.0pt
* \marginparsep=10.0pt
* \columnsep=10.0pt
* \skip\footins=10.8pt plus 4.0pt minus 2.0pt
* \hoffset=0.0pt
* \voffset=0.0pt
* \mag=1000
* \@twocolumnfalse
* \@twosidefalse
* \@mparswitchfalse
* \@reversemarginfalse
* (1in=72.27pt=25.4mm, 1cm=28.453pt)

LaTeX Info: Redefining \microtypecontext on input line 20.
Package microtype Info: Applying patch `item' on input line 20.
Package microtype Info: Applying patch `toc' on input line 20.
Package microtype Info: Applying patch `eqnum' on input line 20.
Package microtype Info: Applying patch `footnote' on input line 20.
Package microtype Info: Applying patch `verbatim' on input line 20.
LaTeX Info: Redefining \microtypesetup on input line 20.
Package microtype Info: Generating PDF output.
Package microtype Info: Character protrusion enabled (level 2).
Package microtype Info: Using default protrusion set `alltext'.
Package microtype Info: Automatic font expansion enabled (level 2),
(microtype)             stretch: 20, shrink: 20, step: 1, non-selected.
Package microtype Info: Using default expansion set `alltext-nott'.
LaTeX Info: Redefining \showhyphens on input line 20.
Package microtype Info: No adjustment of tracking.
Package microtype Info: No adjustment of interword spacing.
Package microtype Info: No adjustment of character kerning.
(C:\Users\marti\AppData\Local\Programs\MiKTeX\tex/latex/microtype\mt-cmr.cfg
File: mt-cmr.cfg 2013/05/19 v2.2 microtype config. file: Computer Modern Roman 
(RS)
)
\openout2 = `Deckblatt.aux'.


(Deckblatt.tex
Package microtype Info: Loading generic protrusion settings for font family
(microtype)             `cmss' (encoding: OT1).
(microtype)             For optimal results, create family-specific settings.
(microtype)             See the microtype manual for details.
Package epstopdf Info: Source file: <figures/logo-th-rosenheim-2019_master_quer
_2c.eps>
(epstopdf)                    date: 2025-01-07 12:11:02
(epstopdf)                    size: 2465070 bytes
(epstopdf)             Output file: <figures/logo-th-rosenheim-2019_master_quer
_2c-eps-converted-to.pdf>
(epstopdf)                    date: 2025-01-07 12:11:02
(epstopdf)                    size: 21742 bytes
(epstopdf)             Command: <miktex-epstopdf --outfile=figures/logo-th-rose
nheim-2019_master_quer_2c-eps-converted-to.pdf figures/logo-th-rosenheim-2019_m
aster_quer_2c.eps>
(epstopdf)             \includegraphics on input line 10.
Package epstopdf Info: Output file is already uptodate.
<figures/logo-th-rosenheim-2019_master_quer_2c-eps-converted-to.pdf, id=71, 181
.67876pt x 57.21375pt>
File: figures/logo-th-rosenheim-2019_master_quer_2c-eps-converted-to.pdf Graphi
c file (type pdf)
<use figures/logo-th-rosenheim-2019_master_quer_2c-eps-converted-to.pdf>
Package pdftex.def Info: figures/logo-th-rosenheim-2019_master_quer_2c-eps-conv
erted-to.pdf  used on input line 10.
(pdftex.def)             Requested size: 181.6783pt x 57.2136pt.
 [1


{C:/Users/marti/AppData/Local/MiKTeX/fonts/map/pdftex/pdftex.map} <./figures/lo
go-th-rosenheim-2019_master_quer_2c-eps-converted-to.pdf>])
(main.toc
LaTeX Font Info:    Trying to load font information for U+msa on input line 3.

(C:\Users\marti\AppData\Local\Programs\MiKTeX\tex/latex/amsfonts\umsa.fd
File: umsa.fd 2013/01/14 v3.01 AMS symbols A
)
(C:\Users\marti\AppData\Local\Programs\MiKTeX\tex/latex/microtype\mt-msa.cfg
File: mt-msa.cfg 2006/02/04 v1.1 microtype config. file: AMS symbols (a) (RS)
)
LaTeX Font Info:    Trying to load font information for U+msb on input line 3.

(C:\Users\marti\AppData\Local\Programs\MiKTeX\tex/latex/amsfonts\umsb.fd
File: umsb.fd 2013/01/14 v3.01 AMS symbols B
)
(C:\Users\marti\AppData\Local\Programs\MiKTeX\tex/latex/microtype\mt-msb.cfg
File: mt-msb.cfg 2005/06/01 v1.0 microtype config. file: AMS symbols (b) (RS)
))
\tf@toc=\write4
\openout4 = `main.toc'.


pdfTeX warning (ext4): destination with the same identifier (name{page.1}) has 
been already used, duplicate ignored
<to be read again> 
                   \relax 
l.27 \newpage
              [1


] (Einleitung.tex)
Underfull \hbox (badness 10000) in paragraph at lines 3--31

 []


Underfull \hbox (badness 10000) in paragraph at lines 3--31

 []

[2] (Herstellung der ersten Platine.tex
Underfull \hbox (badness 10000) in paragraph at lines 4--10

 []

<figures/PCB-Layout breite 0,275mm.png, id=115, 641.9985pt x 274.626pt>
File: figures/PCB-Layout breite 0,275mm.png Graphic file (type png)
<use figures/PCB-Layout breite 0,275mm.png>
Package pdftex.def Info: figures/PCB-Layout breite 0,275mm.png  used on input l
ine 23.
(pdftex.def)             Requested size: 455.26375pt x 170.71472pt.
[3
pdfTeX warning (ext4): destination with the same identifier (name{figure.1}) ha
s been already used, duplicate ignored
<argument> ...shipout:D \box_use:N \l_shipout_box 
                                                  \__shipout_drop_firstpage_...
l.34 
      <./figures/PCB-Layout breite 0,275mm.png>]
<figures/Mikroskopie_paralleleLeiterbahn.jpg, id=127, 1565.85pt x 1162.3425pt>
File: figures/Mikroskopie_paralleleLeiterbahn.jpg Graphic file (type jpg)
<use figures/Mikroskopie_paralleleLeiterbahn.jpg>
Package pdftex.def Info: figures/Mikroskopie_paralleleLeiterbahn.jpg  used on i
nput line 37.
(pdftex.def)             Requested size: 341.42978pt x 170.708pt.

Underfull \hbox (badness 10000) in paragraph at lines 50--65

 []


Underfull \hbox (badness 10000) in paragraph at lines 50--65

 []


Underfull \hbox (badness 10000) in paragraph at lines 50--65

 []


Underfull \hbox (badness 10000) in paragraph at lines 50--65

 []


Underfull \hbox (badness 10000) in paragraph at lines 67--72

 []


Underfull \hbox (badness 10000) in paragraph at lines 67--72

 []

[4
pdfTeX warning (ext4): destination with the same identifier (name{figure.2}) ha
s been already used, duplicate ignored
<argument> ...shipout:D \box_use:N \l_shipout_box 
                                                  \__shipout_drop_firstpage_...
l.72 
      <./figures/Mikroskopie_paralleleLeiterbahn.jpg>]
<figures/Belichtungsmaske und Gerät.jpg, id=133, 2187.17125pt x 877.2775pt>
File: figures/Belichtungsmaske und Gerät.jpg Graphic file (type jpg)
<use figures/Belichtungsmaske und Gerät.jpg>
Package pdftex.def Info: figures/Belichtungsmaske und Gerät.jpg  used on input
 line 75.
(pdftex.def)             Requested size: 341.41093pt x 156.48419pt.

Underfull \hbox (badness 10000) in paragraph at lines 81--89

 []


Underfull \hbox (badness 10000) in paragraph at lines 81--89

 []


Underfull \hbox (badness 10000) in paragraph at lines 81--89

 []

<figures/Leiterbahn nach Entwickeln.jpg, id=134, 1459.4525pt x 2061.7025pt>
File: figures/Leiterbahn nach Entwickeln.jpg Graphic file (type jpg)
<use figures/Leiterbahn nach Entwickeln.jpg>
Package pdftex.def Info: figures/Leiterbahn nach Entwickeln.jpg  used on input 
line 92.
(pdftex.def)             Requested size: 341.4348pt x 227.60591pt.

LaTeX Warning: `h' float specifier changed to `ht'.


Underfull \hbox (badness 10000) in paragraph at lines 98--107

 []

[5
pdfTeX warning (ext4): destination with the same identifier (name{figure.3}) ha
s been already used, duplicate ignored
<argument> ...shipout:D \box_use:N \l_shipout_box 
                                                  \__shipout_drop_firstpage_...
l.107 
       <./figures/Belichtungsmaske und Gerät.jpg>])
Underfull \hbox (badness 10000) in paragraph at lines 109--33

 []

[6
pdfTeX warning (ext4): destination with the same identifier (name{figure.4}) ha
s been already used, duplicate ignored
<argument> ...shipout:D \box_use:N \l_shipout_box 
                                                  \__shipout_drop_firstpage_...
l.33 \newpage
              <./figures/Leiterbahn nach Entwickeln.jpg>] (KiCad_Workshop.tex
Underfull \hbox (badness 10000) in paragraph at lines 4--11

 []

<figures/Footprint_Bibliothek mit Bauteilen.png, id=146, 557.08125pt x 251.1382
4pt>
File: figures/Footprint_Bibliothek mit Bauteilen.png Graphic file (type png)
<use figures/Footprint_Bibliothek mit Bauteilen.png>
Package pdftex.def Info: figures/Footprint_Bibliothek mit Bauteilen.png  used o
n input line 14.
(pdftex.def)             Requested size: 364.19667pt x 164.18828pt.

Underfull \hbox (badness 10000) in paragraph at lines 20--26

 []

<figures/Battery_Symbol Eigenschaften.png, id=147, 702.82574pt x 366.168pt>
File: figures/Battery_Symbol Eigenschaften.png Graphic file (type png)
<use figures/Battery_Symbol Eigenschaften.png>
Package pdftex.def Info: figures/Battery_Symbol Eigenschaften.png  used on inpu
t line 29.
(pdftex.def)             Requested size: 364.1953pt x 142.26297pt.

LaTeX Warning: `h' float specifier changed to `ht'.

<figures/Footprinteditor.png, id=148, 1154.51324pt x 582.37575pt>
File: figures/Footprinteditor.png Graphic file (type png)
<use figures/Footprinteditor.png>
Package pdftex.def Info: figures/Footprinteditor.png  used on input line 40.
(pdftex.def)             Requested size: 364.18448pt x 142.2612pt.

LaTeX Warning: `h' float specifier changed to `ht'.

[7
pdfTeX warning (ext4): destination with the same identifier (name{figure.5}) ha
s been already used, duplicate ignored
<argument> ...shipout:D \box_use:N \l_shipout_box 
                                                  \__shipout_drop_firstpage_...
l.45 \newpage
              <./figures/Footprint_Bibliothek mit Bauteilen.png>]
Underfull \hbox (badness 10000) in paragraph at lines 48--52

 []

<figures/Gravestone_Effekt.png, id=155, 346.896pt x 159.7167pt>
File: figures/Gravestone_Effekt.png Graphic file (type png)
<use figures/Gravestone_Effekt.png>
Package pdftex.def Info: figures/Gravestone_Effekt.png  used on input line 55.
(pdftex.def)             Requested size: 273.16086pt x 128.04648pt.
[8
pdfTeX warning (ext4): destination with the same identifier (name{figure.6}) ha
s been already used, duplicate ignored
<argument> ...shipout:D \box_use:N \l_shipout_box 
                                                  \__shipout_drop_firstpage_...
l.59 \newpage
             
pdfTeX warning (ext4): destination with the same identifier (name{figure.7}) ha
s been already used, duplicate ignored
<argument> ...shipout:D \box_use:N \l_shipout_box 
                                                  \__shipout_drop_firstpage_...
l.59 \newpage
             
pdfTeX warning (ext4): destination with the same identifier (name{figure.8}) ha
s been already used, duplicate ignored
<argument> ...shipout:D \box_use:N \l_shipout_box 
                                                  \__shipout_drop_firstpage_...
l.59 \newpage
              <./figures/Battery_Symbol Eigenschaften.png> <./figures/Footprint
editor.png> <./figures/Gravestone_Effekt.png>]
Underfull \hbox (badness 10000) in paragraph at lines 62--65

 []

<figures/Schaltplan_Taschenlampe.png, id=166, 584.1825pt x 248.72925pt>
File: figures/Schaltplan_Taschenlampe.png Graphic file (type png)
<use figures/Schaltplan_Taschenlampe.png>
Package pdftex.def Info: figures/Schaltplan_Taschenlampe.png  used on input lin
e 68.
(pdftex.def)             Requested size: 364.19667pt x 155.06827pt.

Underfull \hbox (badness 10000) in paragraph at lines 73--81

 []

[9
pdfTeX warning (ext4): destination with the same identifier (name{figure.9}) ha
s been already used, duplicate ignored
<argument> ...shipout:D \box_use:N \l_shipout_box 
                                                  \__shipout_drop_firstpage_...
l.82 \newpage
              <./figures/Schaltplan_Taschenlampe.png>]
Underfull \hbox (badness 10000) in paragraph at lines 85--86

 []

<figures/3D_Betrachter_Taschenlampe.png, id=173, 635.976pt x 257.16075pt>
File: figures/3D_Betrachter_Taschenlampe.png Graphic file (type png)
<use figures/3D_Betrachter_Taschenlampe.png>
Package pdftex.def Info: figures/3D_Betrachter_Taschenlampe.png  used on input 
line 99.
(pdftex.def)             Requested size: 364.19667pt x 147.2659pt.
) [10
pdfTeX warning (ext4): destination with the same identifier (name{figure.10}) h
as been already used, duplicate ignored
<argument> ...shipout:D \box_use:N \l_shipout_box 
                                                  \__shipout_drop_firstpage_...
l.35 \newpage
              <./figures/3D_Betrachter_Taschenlampe.png>]
(Endmontage Radio und Taschenlampe.tex
Underfull \hbox (badness 10000) in paragraph at lines 4--18

 []


Underfull \hbox (badness 10000) in paragraph at lines 4--18

 []


Underfull \hbox (badness 10000) in paragraph at lines 4--18

 []

<figures/Unterseite der Taschenlampe.jpg, id=181, 3035.34pt x 1164.35pt>
File: figures/Unterseite der Taschenlampe.jpg Graphic file (type jpg)
<use figures/Unterseite der Taschenlampe.jpg>
Package pdftex.def Info: figures/Unterseite der Taschenlampe.jpg  used on input
 line 21.
(pdftex.def)             Requested size: 364.19667pt x 139.6982pt.
<figures/Oberseite der Taschenlampe.jpg, id=182, 2894.815pt x 845.1575pt>
File: figures/Oberseite der Taschenlampe.jpg Graphic file (type jpg)
<use figures/Oberseite der Taschenlampe.jpg>
Package pdftex.def Info: figures/Oberseite der Taschenlampe.jpg  used on input 
line 28.
(pdftex.def)             Requested size: 364.19667pt x 106.32791pt.

Underfull \hbox (badness 10000) in paragraph at lines 34--41

 []

[11
pdfTeX warning (ext4): destination with the same identifier (name{figure.11}) h
as been already used, duplicate ignored
<argument> ...shipout:D \box_use:N \l_shipout_box 
                                                  \__shipout_drop_firstpage_...
l.41 
     
pdfTeX warning (ext4): destination with the same identifier (name{figure.12}) h
as been already used, duplicate ignored
<argument> ...shipout:D \box_use:N \l_shipout_box 
                                                  \__shipout_drop_firstpage_...
l.41 
      <./figures/Unterseite der Taschenlampe.jpg> <./figures/Oberseite der Tasc
henlampe.jpg>]
<figures/Handdispenser beim Auftragen der Lötpaste.jpg, id=189, 1606.0pt x 903
.375pt>
File: figures/Handdispenser beim Auftragen der Lötpaste.jpg Graphic file (type
 jpg)
<use figures/Handdispenser beim Auftragen der Lötpaste.jpg>
Package pdftex.def Info: figures/Handdispenser beim Auftragen der Lötpaste.jpg
  used on input line 44.
(pdftex.def)             Requested size: 364.19667pt x 204.86337pt.
<figures/Handhabungsgerät.jpg, id=190, 1606.0pt x 903.375pt>
File: figures/Handhabungsgerät.jpg Graphic file (type jpg)
<use figures/Handhabungsgerät.jpg>
Package pdftex.def Info: figures/Handhabungsgerät.jpg  used on input line 56.
(pdftex.def)             Requested size: 364.20157pt x 170.70569pt.
 [12
pdfTeX warning (ext4): destination with the same identifier (name{figure.13}) h
as been already used, duplicate ignored
<argument> ...shipout:D \box_use:N \l_shipout_box 
                                                  \__shipout_drop_firstpage_...
l.61 \newpage
             
pdfTeX warning (ext4): destination with the same identifier (name{figure.14}) h
as been already used, duplicate ignored
<argument> ...shipout:D \box_use:N \l_shipout_box 
                                                  \__shipout_drop_firstpage_...
l.61 \newpage
              <./figures/Handdispenser beim Auftragen der Lötpaste.jpg> <./fig
ures/Handhabungsgerät.jpg>]
Underfull \hbox (badness 10000) in paragraph at lines 62--70

 []

<figures/Schablone und Rakel.jpg, id=198, 1606.0pt x 903.375pt>
File: figures/Schablone und Rakel.jpg Graphic file (type jpg)
<use figures/Schablone und Rakel.jpg>
Package pdftex.def Info: figures/Schablone und Rakel.jpg  used on input line 73
.
(pdftex.def)             Requested size: 364.19667pt x 204.86337pt.
[13
pdfTeX warning (ext4): destination with the same identifier (name{figure.15}) h
as been already used, duplicate ignored
<argument> ...shipout:D \box_use:N \l_shipout_box 
                                                  \__shipout_drop_firstpage_...
l.78 \newpage
              <./figures/Schablone und Rakel.jpg>]
Underfull \hbox (badness 10000) in paragraph at lines 79--89

 []


Underfull \hbox (badness 10000) in paragraph at lines 79--89

 []

<figures/Radioplatine im Reflowofen.png, id=204, 602.25pt x 338.76563pt>
File: figures/Radioplatine im Reflowofen.png Graphic file (type png)
<use figures/Radioplatine im Reflowofen.png>
Package pdftex.def Info: figures/Radioplatine im Reflowofen.png  used on input 
line 92.
(pdftex.def)             Requested size: 364.19667pt x 204.86853pt.
<figures/Radioplatine Unterseite mit angeklemmter Antenne.jpg, id=205, 3035.34p
t x 2091.815pt>
File: figures/Radioplatine Unterseite mit angeklemmter Antenne.jpg Graphic file
 (type jpg)
<use figures/Radioplatine Unterseite mit angeklemmter Antenne.jpg>
Package pdftex.def Info: figures/Radioplatine Unterseite mit angeklemmter Anten
ne.jpg  used on input line 99.
(pdftex.def)             Requested size: 364.17877pt x 199.13943pt.
) [14
pdfTeX warning (ext4): destination with the same identifier (name{figure.16}) h
as been already used, duplicate ignored
<argument> ...shipout:D \box_use:N \l_shipout_box 
                                                  \__shipout_drop_firstpage_...
l.37 \newpage
             
pdfTeX warning (ext4): destination with the same identifier (name{figure.17}) h
as been already used, duplicate ignored
<argument> ...shipout:D \box_use:N \l_shipout_box 
                                                  \__shipout_drop_firstpage_...
l.37 \newpage
              <./figures/Radioplatine im Reflowofen.png> <./figures/Radioplatin
e Unterseite mit angeklemmter Antenne.jpg>] (Fazit.tex)
Underfull \hbox (badness 10000) in paragraph at lines 3--39

 []


Underfull \hbox (badness 10000) in paragraph at lines 3--39

 []


Underfull \hbox (badness 10000) in paragraph at lines 3--39

 []


Underfull \hbox (badness 10000) in paragraph at lines 3--39

 []


Underfull \hbox (badness 10000) in paragraph at lines 3--39

 []

[15] (main.lof)
\tf@lof=\write5
\openout5 = `main.lof'.

 [16] [17] (main.aux (Deckblatt.aux))
 ***********
LaTeX2e <2023-11-01> patch level 1
L3 programming layer <2024-01-04>
 ***********


LaTeX Warning: Label(s) may have changed. Rerun to get cross-references right.

Package rerunfilecheck Info: File `main.out' has not changed.
(rerunfilecheck)             Checksum: B96AFDEA67183677F46C216D81EA8F0C;2665.
 ) 
Here is how much of TeX's memory you used:
 13672 strings out of 474486
 223899 string characters out of 5743756
 1935542 words of memory out of 5000000
 35590 multiletter control sequences out of 15000+600000
 568941 words of font info for 124 fonts, out of 8000000 for 9000
 1141 hyphenation exceptions out of 8191
 75i,11n,79p,1003b,598s stack positions out of 10000i,1000n,20000p,200000b,200000s
 <C:\Users\marti\AppData\Local\MiKTeX\fonts/pk/ljfour/jknappen/ec/dpi600\tcrm
1200.pk><C:/Users/marti/AppData/Local/Programs/MiKTeX/fonts/type1/public/amsfon
ts/cm/cmbx12.pfb><C:/Users/marti/AppData/Local/Programs/MiKTeX/fonts/type1/publ
ic/amsfonts/cm/cmmi12.pfb><C:/Users/marti/AppData/Local/Programs/MiKTeX/fonts/t
ype1/public/amsfonts/cm/cmr12.pfb><C:/Users/marti/AppData/Local/Programs/MiKTeX
/fonts/type1/public/amsfonts/cm/cmr8.pfb><C:/Users/marti/AppData/Local/Programs
/MiKTeX/fonts/type1/public/amsfonts/cm/cmss12.pfb><C:/Users/marti/AppData/Local
/Programs/MiKTeX/fonts/type1/public/amsfonts/cm/cmss17.pfb><C:/Users/marti/AppD
ata/Local/Programs/MiKTeX/fonts/type1/public/amsfonts/cm/cmsy10.pfb>
Output written on main.pdf (18 pages, 4817657 bytes).
PDF statistics:
 292 PDF objects out of 1000 (max. 8388607)
 57 named destinations out of 1000 (max. 500000)
 26851 words of extra memory for PDF output out of 29859 (max. 10000000)

