This is pdfTeX, Version 3.141592653-2.6-1.40.25 (MiKTeX 24.1) (preloaded format=pdflatex 2025.1.7)  7 JAN 2025 23:50
entering extended mode
 restricted \write18 enabled.
 %&-line parsing enabled.
**./title.tex
(title.tex
LaTeX2e <2023-11-01> patch level 1
L3 programming layer <2024-01-04>

! LaTeX Error: Environment titlepage undefined.

See the LaTeX manual or LaTeX Companion for explanation.
Type  H <return>  for immediate help.
 ...                                              
                                                  
l.1 \begin{titlepage}
                     
Your command was ignored.
Type  I <command> <return>  to replace it with another command,
or  <return>  to continue without it.

! Undefined control sequence.
l.9 \includegraphics
                    {\figdir/logo-th-rosenheim-2019_master_quer_2c.eps}
The control sequence at the end of the top line
of your error message was never \def'ed. If you have
misspelled it (e.g., `\hobx'), type `I' and the correct
spelling (e.g., `I\hbox'). Otherwise just continue,
and I'll forget about whatever was undefined.

! Undefined control sequence.
l.9 \includegraphics{\figdir
                            /logo-th-rosenheim-2019_master_quer_2c.eps}
The control sequence at the end of the top line
of your error message was never \def'ed. If you have
misspelled it (e.g., `\hobx'), type `I' and the correct
spelling (e.g., `I\hbox'). Otherwise just continue,
and I'll forget about whatever was undefined.


! LaTeX Error: Missing \begin{document}.

See the LaTeX manual or LaTeX Companion for explanation.
Type  H <return>  for immediate help.
 ...                                              
                                                  
l.9 \includegraphics{\figdir/
                             logo-th-rosenheim-2019_master_quer_2c.eps}
You're in trouble here.  Try typing  <return>  to proceed.
If that doesn't work, type  X <return>  to quit.

! Missing $ inserted.
<inserted text> 
                $
l.9 ...udegraphics{\figdir/logo-th-rosenheim-2019_
                                                  master_quer_2c.eps}
I've inserted a begin-math/end-math symbol since I think
you left one out. Proceed, with fingers crossed.

LaTeX Font Info:    External font `cmex10' loaded for size
(Font)              <7> on input line 9.
LaTeX Font Info:    External font `cmex10' loaded for size
(Font)              <5> on input line 9.
! Extra }, or forgotten $.
l.9 .../logo-th-rosenheim-2019_master_quer_2c.eps}
                                                  
I've deleted a group-closing symbol because it seems to be
spurious, as in `$x}$'. But perhaps the } is legitimate and
you forgot something else, as in `\hbox{$x}'. In such cases
the way to recover is to insert both the forgotten and the
deleted material, e.g., by typing `I$}'.

! Missing $ inserted.
<inserted text> 
                $
l.10 
     
I've inserted a begin-math/end-math symbol since I think
you left one out. Proceed, with fingers crossed.


Overfull \hbox (25.72227pt too wide) in paragraph at lines 9--10
 []\OT1/cmss/m/n/10 /logo-
 []


Overfull \hbox (12.11111pt too wide) in paragraph at lines 9--10
 \OT1/cmss/m/n/10 th-
 []


Overfull \hbox (45.13893pt too wide) in paragraph at lines 9--10
 \OT1/cmss/m/n/10 rosenheim-
 []


Overfull \hbox (95.62378pt too wide) in paragraph at lines 9--10
 \OT1/cmss/m/n/10 2019$[]\OML/cmm/m/it/10 aster[]uer[]c:eps$
 []

! Undefined control sequence.
l.14 \LARGE
           
The control sequence at the end of the top line
of your error message was never \def'ed. If you have
misspelled it (e.g., `\hobx'), type `I' and the correct
spelling (e.g., `I\hbox'). Otherwise just continue,
and I'll forget about whatever was undefined.


! LaTeX Error: Missing \begin{document}.

See the LaTeX manual or LaTeX Companion for explanation.
Type  H <return>  for immediate help.
 ...                                              
                                                  
l.17 F
      akultät für Ingenieurwissenschaften  \vspace{0.5cm}\\
You're in trouble here.  Try typing  <return>  to proceed.
If that doesn't work, type  X <return>  to quit.


Overfull \hbox (34.69453pt too wide) in paragraph at lines 17--17
 []\OT1/cmss/m/n/10 Fakult^^?at 
 []


Overfull \hbox (11.63893pt too wide) in paragraph at lines 17--17
 \OT1/cmss/m/n/10 f^^?ur 
 []


Overfull \hbox (11.2778pt too wide) in paragraph at lines 17--17
 \OT1/cmss/m/n/10 In- 
 []


Overfull \hbox (12.77779pt too wide) in paragraph at lines 17--17
 \OT1/cmss/m/n/10 ge- 
 []


Overfull \hbox (23.91669pt too wide) in paragraph at lines 17--17
 \OT1/cmss/m/n/10 nieur- 
 []


Overfull \hbox (16.3889pt too wide) in paragraph at lines 17--17
 \OT1/cmss/m/n/10 wis- 
 []


Overfull \hbox (47.97226pt too wide) in paragraph at lines 17--17
 \OT1/cmss/m/n/10 senschaften 
 []

! Undefined control sequence.
<recently read> \Large 
                       
l.18 \Large
           
The control sequence at the end of the top line
of your error message was never \def'ed. If you have
misspelled it (e.g., `\hobx'), type `I' and the correct
spelling (e.g., `I\hbox'). Otherwise just continue,
and I'll forget about whatever was undefined.


! LaTeX Error: Missing \begin{document}.

See the LaTeX manual or LaTeX Companion for explanation.
Type  H <return>  for immediate help.
 ...                                              
                                                  
l.19 S
      tudiengang Mechatronik
You're in trouble here.  Try typing  <return>  to proceed.
If that doesn't work, type  X <return>  to quit.


Overfull \hbox (51.4723pt too wide) in paragraph at lines 19--20
 []\OT1/cmss/m/n/10 Studiengang 
 []


Overfull \hbox (30.9445pt too wide) in paragraph at lines 19--20
 \OT1/cmss/m/n/10 Mecha- 
 []


Overfull \hbox (24.47229pt too wide) in paragraph at lines 19--20
 \OT1/cmss/m/n/10 tronik 
 []

! Undefined control sequence.
l.23 \LARGE
           
The control sequence at the end of the top line
of your error message was never \def'ed. If you have
misspelled it (e.g., `\hobx'), type `I' and the correct
spelling (e.g., `I\hbox'). Otherwise just continue,
and I'll forget about whatever was undefined.


! LaTeX Error: Missing \begin{document}.

See the LaTeX manual or LaTeX Companion for explanation.
Type  H <return>  for immediate help.
 ...                                              
                                                  
l.25 A
      ufbau- und Verbindungstechnik
You're in trouble here.  Try typing  <return>  to proceed.
If that doesn't work, type  X <return>  to quit.


Overfull \hbox (33.36118pt too wide) in paragraph at lines 25--26
 []\OT1/cmss/m/n/10 Aufbau- 
 []


Overfull \hbox (15.50002pt too wide) in paragraph at lines 25--26
 \OT1/cmss/m/n/10 und 
 []


Overfull \hbox (50.80562pt too wide) in paragraph at lines 25--26
 \OT1/cmss/m/n/10 Verbindung- 
 []


Overfull \hbox (24.83333pt too wide) in paragraph at lines 25--26
 \OT1/cmss/m/n/10 stech- 
 []


Overfull \hbox (12.44447pt too wide) in paragraph at lines 25--26
 \OT1/cmss/m/n/10 nik 
 []

! Undefined control sequence.
l.29 \LARGE
           
The control sequence at the end of the top line
of your error message was never \def'ed. If you have
misspelled it (e.g., `\hobx'), type `I' and the correct
spelling (e.g., `I\hbox'). Otherwise just continue,
and I'll forget about whatever was undefined.


! LaTeX Error: Missing \begin{document}.

See the LaTeX manual or LaTeX Companion for explanation.
Type  H <return>  for immediate help.
 ...                                              
                                                  
l.30 B
      ericht
You're in trouble here.  Try typing  <return>  to proceed.
If that doesn't work, type  X <return>  to quit.


Overfull \hbox (30.13893pt too wide) in paragraph at lines 30--31
 []\OT1/cmss/m/n/10 Bericht 
 []

! Undefined control sequence.
l.35 \Large
           
The control sequence at the end of the top line
of your error message was never \def'ed. If you have
misspelled it (e.g., `\hobx'), type `I' and the correct
spelling (e.g., `I\hbox'). Otherwise just continue,
and I'll forget about whatever was undefined.


! LaTeX Error: Missing \begin{document}.

See the LaTeX manual or LaTeX Companion for explanation.
Type  H <return>  for immediate help.
 ...                                              
                                                  
l.36 v
      on
You're in trouble here.  Try typing  <return>  to proceed.
If that doesn't work, type  X <return>  to quit.


Overfull \hbox (14.77782pt too wide) in paragraph at lines 36--37
 []\OT1/cmss/m/n/10 von 
 []

! Undefined control sequence.
l.42 \LARGE
           
The control sequence at the end of the top line
of your error message was never \def'ed. If you have
misspelled it (e.g., `\hobx'), type `I' and the correct
spelling (e.g., `I\hbox'). Otherwise just continue,
and I'll forget about whatever was undefined.


! LaTeX Error: Missing \begin{document}.

See the LaTeX manual or LaTeX Companion for explanation.
Type  H <return>  for immediate help.
 ...                                              
                                                  
l.43 M
      artin Brandl \vspace{1cm}
You're in trouble here.  Try typing  <return>  to proceed.
If that doesn't work, type  X <return>  to quit.


Overfull \hbox (27.86119pt too wide) in paragraph at lines 43--44
 []\OT1/cmss/m/n/10 Martin 
 []


Overfull \hbox (27.61118pt too wide) in paragraph at lines 43--44
 \OT1/cmss/m/n/10 Brandl 
 []


! LaTeX Error: Missing \begin{document}.

See the LaTeX manual or LaTeX Companion for explanation.
Type  H <return>  for immediate help.
 ...                                              
                                                  
l.47 \flushleft
               
You're in trouble here.  Try typing  <return>  to proceed.
If that doesn't work, type  X <return>  to quit.

! Undefined control sequence.
l.48  \Large
            
The control sequence at the end of the top line
of your error message was never \def'ed. If you have
misspelled it (e.g., `\hobx'), type `I' and the correct
spelling (e.g., `I\hbox'). Otherwise just continue,
and I'll forget about whatever was undefined.


! LaTeX Error: \begin{document} ended by \end{titlepage}.

See the LaTeX manual or LaTeX Companion for explanation.
Type  H <return>  for immediate help.
 ...                                              
                                                  
l.60 \end{titlepage}
                    
Your command was ignored.
Type  I <command> <return>  to replace it with another command,
or  <return>  to continue without it.

! Missing } inserted.
<inserted text> 
                }
l.60 \end{titlepage}
                    
I've inserted something that you may have forgotten.
(See the <inserted text> above.)
With luck, this will get me unwedged. But if you
really didn't forget anything, try typing `2' now; then
my insertion and my current dilemma will both disappear.

)
! Emergency stop.
<*> ./title.tex
               
*** (job aborted, no legal \end found)

 
Here is how much of TeX's memory you used:
 30 strings out of 474486
 675 string characters out of 5743756
 1925542 words of memory out of 5000000
 22416 multiletter control sequences out of 15000+600000
 558374 words of font info for 37 fonts, out of 8000000 for 9000
 1141 hyphenation exceptions out of 8191
 19i,1n,20p,114b,190s stack positions out of 10000i,1000n,20000p,200000b,200000s
!  ==> Fatal error occurred, no output PDF file produced!
